[17-Oct-2017 17:44:34 UTC] PHP Notice:  Undefined variable: category2 in /home/ubuntu/workspace/deleteFiles/submitDeleteDataNoLink.php on line 54
[17-Oct-2017 21:42:26 UTC] PHP Notice:  Undefined variable: category2 in /home/ubuntu/workspace/deleteFiles/submitDeleteDataNoLink.php on line 54
[17-Oct-2017 21:43:29 UTC] PHP Notice:  Undefined variable: row in /home/ubuntu/workspace/submitFiles/submitNewColumn.php on line 27
[17-Oct-2017 21:43:29 UTC] PHP Notice:  Undefined variable: row in /home/ubuntu/workspace/submitFiles/submitNewColumn.php on line 27
[17-Oct-2017 21:43:37 UTC] PHP Notice:  Undefined variable: row in /home/ubuntu/workspace/submitFiles/submitNewColumn.php on line 27
[17-Oct-2017 21:43:37 UTC] PHP Notice:  Undefined variable: row in /home/ubuntu/workspace/submitFiles/submitNewColumn.php on line 27
[17-Oct-2017 21:44:37 UTC] PHP Notice:  Undefined variable: row in /home/ubuntu/workspace/submitFiles/submitNewColumn.php on line 27
[17-Oct-2017 21:44:37 UTC] PHP Notice:  Undefined variable: row in /home/ubuntu/workspace/submitFiles/submitNewColumn.php on line 27
[18-Oct-2017 02:02:42 UTC] Array
(
    [db_tablename] => demo
    [1508292162237] => 
    [page] => 1
    [filter] => 
    [sort] => 
    [asc] => 1
)

[18-Oct-2017 02:02:42 UTC] PHP Fatal error:  Uncaught Error: Call to a member function fetch_row() on boolean in /home/ubuntu/workspace/gridmysql/loaddata.php:79
Stack trace:
#0 {main}
  thrown in /home/ubuntu/workspace/gridmysql/loaddata.php on line 79
[18-Oct-2017 02:07:57 UTC] PHP Warning:  mysqli::real_connect(): (HY000/1045): Access denied for user '0.0.0.0'@'localhost' (using password: NO) in /home/ubuntu/workspace/gridmysql/loaddata.php on line 48
[18-Oct-2017 02:07:57 UTC] PHP Warning:  mysqli::query(): invalid object or resource mysqli
 in /home/ubuntu/workspace/gridmysql/loaddata.php on line 30
[18-Oct-2017 02:07:57 UTC] PHP Warning:  mysqli::query(): invalid object or resource mysqli
 in /home/ubuntu/workspace/gridmysql/loaddata.php on line 30
[18-Oct-2017 02:07:57 UTC] Array
(
    [db_tablename] => demo
    [1508292477286] => 
    [page] => 1
    [filter] => new link
    [sort] => 
    [asc] => 1
)

[18-Oct-2017 02:07:57 UTC] PHP Warning:  mysqli::query(): invalid object or resource mysqli
 in /home/ubuntu/workspace/gridmysql/loaddata.php on line 79
[18-Oct-2017 02:07:57 UTC] PHP Fatal error:  Uncaught Error: Call to a member function fetch_row() on null in /home/ubuntu/workspace/gridmysql/loaddata.php:79
Stack trace:
#0 {main}
  thrown in /home/ubuntu/workspace/gridmysql/loaddata.php on line 79
[18-Oct-2017 02:07:58 UTC] PHP Warning:  mysqli::real_connect(): (HY000/1045): Access denied for user '0.0.0.0'@'localhost' (using password: NO) in /home/ubuntu/workspace/gridmysql/loaddata.php on line 48
[18-Oct-2017 02:07:58 UTC] PHP Warning:  mysqli::query(): invalid object or resource mysqli
 in /home/ubuntu/workspace/gridmysql/loaddata.php on line 30
[18-Oct-2017 02:07:58 UTC] PHP Warning:  mysqli::query(): invalid object or resource mysqli
 in /home/ubuntu/workspace/gridmysql/loaddata.php on line 30
[18-Oct-2017 02:07:58 UTC] Array
(
    [db_tablename] => demo
    [1508292478795] => 
    [page] => 1
    [filter] => new link
    [sort] => 
    [asc] => 1
)

[18-Oct-2017 02:07:58 UTC] PHP Warning:  mysqli::query(): invalid object or resource mysqli
 in /home/ubuntu/workspace/gridmysql/loaddata.php on line 79
[18-Oct-2017 02:07:58 UTC] PHP Fatal error:  Uncaught Error: Call to a member function fetch_row() on null in /home/ubuntu/workspace/gridmysql/loaddata.php:79
Stack trace:
#0 {main}
  thrown in /home/ubuntu/workspace/gridmysql/loaddata.php on line 79
[18-Oct-2017 02:08:02 UTC] PHP Warning:  mysqli::real_connect(): (HY000/1045): Access denied for user '0.0.0.0'@'localhost' (using password: NO) in /home/ubuntu/workspace/gridmysql/loaddata.php on line 48
[18-Oct-2017 02:08:02 UTC] PHP Warning:  mysqli::query(): invalid object or resource mysqli
 in /home/ubuntu/workspace/gridmysql/loaddata.php on line 30
[18-Oct-2017 02:08:02 UTC] PHP Warning:  mysqli::query(): invalid object or resource mysqli
 in /home/ubuntu/workspace/gridmysql/loaddata.php on line 30
[18-Oct-2017 02:08:02 UTC] Array
(
    [db_tablename] => demo
    [1508292482365] => 
    [page] => 1
    [filter] => 
    [sort] => 
    [asc] => 1
)

[18-Oct-2017 02:08:02 UTC] PHP Warning:  mysqli::query(): invalid object or resource mysqli
 in /home/ubuntu/workspace/gridmysql/loaddata.php on line 79
[18-Oct-2017 02:08:02 UTC] PHP Fatal error:  Uncaught Error: Call to a member function fetch_row() on null in /home/ubuntu/workspace/gridmysql/loaddata.php:79
Stack trace:
#0 {main}
  thrown in /home/ubuntu/workspace/gridmysql/loaddata.php on line 79
[18-Oct-2017 02:08:08 UTC] PHP Warning:  mysqli::real_connect(): (HY000/1045): Access denied for user '0.0.0.0'@'localhost' (using password: NO) in /home/ubuntu/workspace/gridmysql/add.php on line 17
[18-Oct-2017 02:08:08 UTC] PHP Warning:  mysqli::real_escape_string(): invalid object or resource mysqli
 in /home/ubuntu/workspace/gridmysql/add.php on line 20
[18-Oct-2017 02:08:08 UTC] PHP Warning:  mysqli::real_escape_string(): invalid object or resource mysqli
 in /home/ubuntu/workspace/gridmysql/add.php on line 21
[18-Oct-2017 02:08:08 UTC] PHP Warning:  mysqli::real_escape_string(): invalid object or resource mysqli
 in /home/ubuntu/workspace/gridmysql/add.php on line 22
[18-Oct-2017 02:08:08 UTC] PHP Warning:  mysqli::prepare(): invalid object or resource mysqli
 in /home/ubuntu/workspace/gridmysql/add.php on line 25
